# JRE version: OpenJDK Runtime Environment (8.0_162-b12) (build 1.8.0_162-8u162-b12-0ubuntu0.16.04.2-b12)
# Java VM: OpenJDK 64-Bit Server VM (25.162-b12 mixed mode linux-amd64 compressed oops)
Heap:
 def new generation   total 53184K, used 4942K [0x00000000c0000000, 0x00000000c39b0000, 0x00000000d5550000)
  eden space 47296K,  10% used [0x00000000c0000000, 0x00000000c04d3938, 0x00000000c2e30000)
  from space 5888K,   0% used [0x00000000c33f0000, 0x00000000c33f0000, 0x00000000c39b0000)
  to   space 5888K,   0% used [0x00000000c2e30000, 0x00000000c2e30000, 0x00000000c33f0000)
 tenured generation   total 118888K, used 118887K [0x00000000d5550000, 0x00000000dc96a000, 0x0000000100000000)
   the space 118888K,  99% used [0x00000000d5550000, 0x00000000dc969ff8, 0x00000000dc96a000, 0x00000000dc96a000)
 Metaspace       used 51481K, capacity 51773K, committed 52224K, reserved 1093632K
  class space    used 7204K, capacity 7301K, committed 7424K, reserved 1048576K
GC Heap History (10 events):
Event: 8.416 GC heap after
Heap after GC invocations=90 (full 5):
 def new generation   total 53184K, used 5887K [0x00000000c0000000, 0x00000000c39b0000, 0x00000000d5550000)
  eden space 47296K,   0% used [0x00000000c0000000, 0x00000000c0000000, 0x00000000c2e30000)
  from space 5888K,  99% used [0x00000000c2e30000, 0x00000000c33efff8, 0x00000000c33f0000)
  to   space 5888K,   0% used [0x00000000c33f0000, 0x00000000c33f0000, 0x00000000c39b0000)
 tenured generation   total 118120K, used 84906K [0x00000000d5550000, 0x00000000dc8aa000, 0x0000000100000000)
   the space 118120K,  71% used [0x00000000d5550000, 0x00000000da83ab70, 0x00000000da83ac00, 0x00000000dc8aa000)
 Metaspace       used 41436K, capacity 41691K, committed 42240K, reserved 1085440K
  class space    used 5740K, capacity 5821K, committed 5888K, reserved 1048576K
}
Event: 9.710 GC heap before
{Heap before GC invocations=90 (full 5):
 def new generation   total 53184K, used 53183K [0x00000000c0000000, 0x00000000c39b0000, 0x00000000d5550000)
  eden space 47296K, 100% used [0x00000000c0000000, 0x00000000c2e30000, 0x00000000c2e30000)
  from space 5888K,  99% used [0x00000000c2e30000, 0x00000000c33efff8, 0x00000000c33f0000)
  to   space 5888K,   0% used [0x00000000c33f0000, 0x00000000c33f0000, 0x00000000c39b0000)
 tenured generation   total 118120K, used 84906K [0x00000000d5550000, 0x00000000dc8aa000, 0x0000000100000000)
   the space 118120K,  71% used [0x00000000d5550000, 0x00000000da83ab70, 0x00000000da83ac00, 0x00000000dc8aa000)
 Metaspace       used 45251K, capacity 45563K, committed 46080K, reserved 1089536K
  class space    used 6284K, capacity 6365K, committed 6400K, reserved 1048576K
Event: 9.752 GC heap after
Heap after GC invocations=91 (full 5):
 def new generation   total 53184K, used 5888K [0x00000000c0000000, 0x00000000c39b0000, 0x00000000d5550000)
  eden space 47296K,   0% used [0x00000000c0000000, 0x00000000c0000000, 0x00000000c2e30000)
  from space 5888K, 100% used [0x00000000c33f0000, 0x00000000c39b0000, 0x00000000c39b0000)
  to   space 5888K,   0% used [0x00000000c2e30000, 0x00000000c2e30000, 0x00000000c33f0000)
 tenured generation   total 118120K, used 89536K [0x00000000d5550000, 0x00000000dc8aa000, 0x0000000100000000)
   the space 118120K,  75% used [0x00000000d5550000, 0x00000000dacc0018, 0x00000000dacc0200, 0x00000000dc8aa000)
 Metaspace       used 45251K, capacity 45563K, committed 46080K, reserved 1089536K
  class space    used 6284K, capacity 6365K, committed 6400K, reserved 1048576K
}
Event: 10.732 GC heap before
{Heap before GC invocations=91 (full 5):
 def new generation   total 53184K, used 53184K [0x00000000c0000000, 0x00000000c39b0000, 0x00000000d5550000)
  eden space 47296K, 100% used [0x00000000c0000000, 0x00000000c2e30000, 0x00000000c2e30000)
  from space 5888K, 100% used [0x00000000c33f0000, 0x00000000c39b0000, 0x00000000c39b0000)
  to   space 5888K,   0% used [0x00000000c2e30000, 0x00000000c2e30000, 0x00000000c33f0000)
 tenured generation   total 118120K, used 89536K [0x00000000d5550000, 0x00000000dc8aa000, 0x0000000100000000)
   the space 118120K,  75% used [0x00000000d5550000, 0x00000000dacc0018, 0x00000000dacc0200, 0x00000000dc8aa000)
 Metaspace       used 47654K, capacity 47943K, committed 48256K, reserved 1091584K
  class space    used 6635K, capacity 6751K, committed 6784K, reserved 1048576K
Event: 10.765 GC heap after
Heap after GC invocations=92 (full 5):
 def new generation   total 53184K, used 5344K [0x00000000c0000000, 0x00000000c39b0000, 0x00000000d5550000)
  eden space 47296K,   0% used [0x00000000c0000000, 0x00000000c0000000, 0x00000000c2e30000)
  from space 5888K,  90% used [0x00000000c2e30000, 0x00000000c3368338, 0x00000000c33f0000)
  to   space 5888K,   0% used [0x00000000c33f0000, 0x00000000c33f0000, 0x00000000c39b0000)
 tenured generation   total 118120K, used 93821K [0x00000000d5550000, 0x00000000dc8aa000, 0x0000000100000000)
   the space 118120K,  79% used [0x00000000d5550000, 0x00000000db0ef670, 0x00000000db0ef800, 0x00000000dc8aa000)
 Metaspace       used 47654K, capacity 47943K, committed 48256K, reserved 1091584K
  class space    used 6635K, capacity 6751K, committed 6784K, reserved 1048576K
}
Event: 12.132 GC heap before
{Heap before GC invocations=92 (full 5):
 def new generation   total 53184K, used 50694K [0x00000000c0000000, 0x00000000c39b0000, 0x00000000d5550000)
  eden space 47296K,  95% used [0x00000000c0000000, 0x00000000c2c49888, 0x00000000c2e30000)
  from space 5888K,  90% used [0x00000000c2e30000, 0x00000000c3368338, 0x00000000c33f0000)
  to   space 5888K,   0% used [0x00000000c33f0000, 0x00000000c33f0000, 0x00000000c39b0000)
 tenured generation   total 118120K, used 93821K [0x00000000d5550000, 0x00000000dc8aa000, 0x0000000100000000)
   the space 118120K,  79% used [0x00000000d5550000, 0x00000000db0ef670, 0x00000000db0ef800, 0x00000000dc8aa000)
 Metaspace       used 48718K, capacity 49005K, committed 49536K, reserved 1091584K
  class space    used 6815K, capacity 6913K, committed 7040K, reserved 1048576K
Event: 12.181 GC heap after
Heap after GC invocations=93 (full 5):
 def new generation   total 53184K, used 5887K [0x00000000c0000000, 0x00000000c39b0000, 0x00000000d5550000)
  eden space 47296K,   0% used [0x00000000c0000000, 0x00000000c0000000, 0x00000000c2e30000)
  from space 5888K,  99% used [0x00000000c33f0000, 0x00000000c39afff8, 0x00000000c39b0000)
  to   space 5888K,   0% used [0x00000000c2e30000, 0x00000000c2e30000, 0x00000000c33f0000)
 tenured generation   total 118120K, used 102827K [0x00000000d5550000, 0x00000000dc8aa000, 0x0000000100000000)
   the space 118120K,  87% used [0x00000000d5550000, 0x00000000db9bac88, 0x00000000db9bae00, 0x00000000dc8aa000)
 Metaspace       used 48718K, capacity 49005K, committed 49536K, reserved 1091584K
  class space    used 6815K, capacity 6913K, committed 7040K, reserved 1048576K
}
Event: 13.238 GC heap before
{Heap before GC invocations=93 (full 5):
 def new generation   total 53184K, used 53183K [0x00000000c0000000, 0x00000000c39b0000, 0x00000000d5550000)
  eden space 47296K, 100% used [0x00000000c0000000, 0x00000000c2e30000, 0x00000000c2e30000)
  from space 5888K,  99% used [0x00000000c33f0000, 0x00000000c39afff8, 0x00000000c39b0000)
  to   space 5888K,   0% used [0x00000000c2e30000, 0x00000000c2e30000, 0x00000000c33f0000)
 tenured generation   total 118120K, used 102827K [0x00000000d5550000, 0x00000000dc8aa000, 0x0000000100000000)
   the space 118120K,  87% used [0x00000000d5550000, 0x00000000db9bac88, 0x00000000db9bae00, 0x00000000dc8aa000)
 Metaspace       used 50279K, capacity 50589K, committed 50944K, reserved 1093632K
  class space    used 7024K, capacity 7141K, committed 7168K, reserved 1048576K
Event: 13.289 GC heap after
Heap after GC invocations=94 (full 5):
 def new generation   total 53184K, used 5888K [0x00000000c0000000, 0x00000000c39b0000, 0x00000000d5550000)
  eden space 47296K,   0% used [0x00000000c0000000, 0x00000000c0000000, 0x00000000c2e30000)
  from space 5888K, 100% used [0x00000000c2e30000, 0x00000000c33f0000, 0x00000000c33f0000)
  to   space 5888K,   0% used [0x00000000c33f0000, 0x00000000c33f0000, 0x00000000c39b0000)
 tenured generation   total 118120K, used 107714K [0x00000000d5550000, 0x00000000dc8aa000, 0x0000000100000000)
   the space 118120K,  91% used [0x00000000d5550000, 0x00000000dbe80b08, 0x00000000dbe80c00, 0x00000000dc8aa000)
 Metaspace       used 50279K, capacity 50589K, committed 50944K, reserved 1093632K
  class space    used 7024K, capacity 7141K, committed 7168K, reserved 1048576K
}
Event: 14.483 GC heap before
{Heap before GC invocations=94 (full 5):
 def new generation   total 53184K, used 53184K [0x00000000c0000000, 0x00000000c39b0000, 0x00000000d5550000)
  eden space 47296K, 100% used [0x00000000c0000000, 0x00000000c2e30000, 0x00000000c2e30000)
  from space 5888K, 100% used [0x00000000c2e30000, 0x00000000c33f0000, 0x00000000c33f0000)
  to   space 5888K,   0% used [0x00000000c33f0000, 0x00000000c33f0000, 0x00000000c39b0000)
 tenured generation   total 118120K, used 107714K [0x00000000d5550000, 0x00000000dc8aa000, 0x0000000100000000)
   the space 118120K,  91% used [0x00000000d5550000, 0x00000000dbe80b08, 0x00000000dbe80c00, 0x00000000dc8aa000)
 Metaspace       used 51481K, capacity 51773K, committed 52224K, reserved 1093632K
  class space    used 7204K, capacity 7301K, committed 7424K, reserved 1048576K

